[0m00:06:37.461981 [debug] [MainThread]: Sending event: {'category': 'dbt', 'action': 'invocation', 'label': 'start', 'context': [<snowplow_tracker.self_describing_json.SelfDescribingJson object at 0x7fc6639e7fb0>, <snowplow_tracker.self_describing_json.SelfDescribingJson object at 0x7fc6638860c0>, <snowplow_tracker.self_describing_json.SelfDescribingJson object at 0x7fc66548d700>]}


============================== 00:06:37.465236 | 0b38342a-5bc2-4969-9d1f-7f4d5305d27c ==============================
[0m00:06:37.465236 [info ] [MainThread]: Running with dbt=1.9.2
[0m00:06:37.465788 [debug] [MainThread]: running dbt with arguments {'printer_width': '80', 'indirect_selection': 'eager', 'write_json': 'True', 'log_cache_events': 'False', 'partial_parse': 'True', 'cache_selected_only': 'False', 'profiles_dir': '/home/jparep/.dbt', 'version_check': 'True', 'debug': 'False', 'log_path': 'logs', 'fail_fast': 'False', 'warn_error': 'None', 'use_colors': 'True', 'use_experimental_parser': 'False', 'empty': 'None', 'quiet': 'False', 'no_print': 'None', 'warn_error_options': 'WarnErrorOptions(include=[], exclude=[])', 'invocation_command': 'dbt init dbt_project', 'static_parser': 'True', 'log_format': 'default', 'target_path': 'None', 'introspect': 'True', 'send_anonymous_usage_stats': 'True'}
[0m00:06:37.473277 [debug] [MainThread]: Starter project path: /home/jparep/proj/ETL/etl-env/lib/python3.12/site-packages/dbt/include/starter_project
[0m00:06:37.475774 [info ] [MainThread]: 
Your new dbt project "dbt_project" was created!

For more information on how to configure the profiles.yml file,
please consult the dbt documentation here:

  https://docs.getdbt.com/docs/configure-your-profile

One more thing:

Need help? Don't hesitate to reach out to us via GitHub issues or on Slack:

  https://community.getdbt.com/

Happy modeling!

[0m00:06:37.476149 [info ] [MainThread]: Setting up your profile.
[0m00:07:58.706015 [info ] [MainThread]: Profile dbt_project written to /home/jparep/.dbt/profiles.yml using target's profile_template.yml and your supplied values. Run 'dbt debug' to validate the connection.
[0m00:07:58.707387 [debug] [MainThread]: Resource report: {"command_name": "init", "command_success": true, "command_wall_clock_time": 72.97226, "process_in_blocks": "0", "process_kernel_time": 0.078594, "process_mem_max_rss": "106836", "process_out_blocks": "80", "process_user_time": 1.515746}
[0m00:07:58.707936 [debug] [MainThread]: Command `dbt init` succeeded at 00:07:58.707807 after 72.97 seconds
[0m00:07:58.708389 [debug] [MainThread]: Sending event: {'category': 'dbt', 'action': 'invocation', 'label': 'end', 'context': [<snowplow_tracker.self_describing_json.SelfDescribingJson object at 0x7fc6634efe00>, <snowplow_tracker.self_describing_json.SelfDescribingJson object at 0x7fc663a86a20>, <snowplow_tracker.self_describing_json.SelfDescribingJson object at 0x7fc662643b90>]}
[0m00:07:58.708947 [debug] [MainThread]: Flushing usage events
[0m00:08:00.120068 [debug] [MainThread]: An error was encountered while trying to flush usage events
